{"D:\\Projects\\new_lpr_center\\log_management\\log-management\\src\\hooks\\useStatusOptions.tsx": {"path":"D:\\Projects\\new_lpr_center\\log_management\\log-management\\src\\hooks\\useStatusOptions.tsx","statementMap":{"0":{"start":{"line":11,"column":13},"end":{"line":19,"column":null}},"1":{"start":{"line":12,"column":10},"end":{"line":12,"column":32}},"2":{"start":{"line":14,"column":2},"end":{"line":19,"column":null}}},"fnMap":{"0":{"name":"(anonymous_0)","decl":{"start":{"line":11,"column":13},"end":{"line":11,"column":55}},"loc":{"start":{"line":11,"column":55},"end":{"line":19,"column":null}},"line":11}},"branchMap":{},"s":{"0":1,"1":5,"2":5},"f":{"0":5},"b":{},"meta":{"lastBranch":0,"lastFunction":1,"lastStatement":3,"seen":{"s:11:13:19:Infinity":0,"f:11:13:11:55":0,"s:12:10:12:32":1,"s:14:2:19:Infinity":2}}}
,"D:\\Projects\\new_lpr_center\\log_management\\log-management\\src\\utils\\commonFunctions.tsx": {"path":"D:\\Projects\\new_lpr_center\\log_management\\log-management\\src\\utils\\commonFunctions.tsx","statementMap":{"0":{"start":{"line":1,"column":13},"end":{"line":2,"column":null}},"1":{"start":{"line":2,"column":2},"end":{"line":2,"column":null}},"2":{"start":{"line":5,"column":24},"end":{"line":13,"column":null}},"3":{"start":{"line":6,"column":19},"end":{"line":6,"column":40}},"4":{"start":{"line":7,"column":22},"end":{"line":7,"column":50}},"5":{"start":{"line":8,"column":21},"end":{"line":8,"column":48}},"6":{"start":{"line":9,"column":15},"end":{"line":9,"column":null}},"7":{"start":{"line":10,"column":2},"end":{"line":11,"column":null}},"8":{"start":{"line":10,"column":15},"end":{"line":10,"column":18}},"9":{"start":{"line":11,"column":4},"end":{"line":11,"column":null}},"10":{"start":{"line":13,"column":2},"end":{"line":13,"column":null}},"11":{"start":{"line":16,"column":17},"end":{"line":16,"column":null}},"12":{"start":{"line":18,"column":33},"end":{"line":37,"column":null}},"13":{"start":{"line":19,"column":2},"end":{"line":37,"column":null}},"14":{"start":{"line":20,"column":23},"end":{"line":20,"column":44}},"15":{"start":{"line":21,"column":15},"end":{"line":21,"column":57}},"16":{"start":{"line":21,"column":32},"end":{"line":21,"column":50}},"17":{"start":{"line":23,"column":21},"end":{"line":23,"column":68}},"18":{"start":{"line":24,"column":4},"end":{"line":24,"column":null}},"19":{"start":{"line":26,"column":4},"end":{"line":26,"column":null}},"20":{"start":{"line":26,"column":22},"end":{"line":26,"column":null}},"21":{"start":{"line":28,"column":17},"end":{"line":28,"column":38}},"22":{"start":{"line":29,"column":4},"end":{"line":34,"column":null}},"23":{"start":{"line":30,"column":21},"end":{"line":30,"column":37}},"24":{"start":{"line":31,"column":6},"end":{"line":31,"column":null}},"25":{"start":{"line":31,"column":31},"end":{"line":31,"column":75}},"26":{"start":{"line":32,"column":6},"end":{"line":32,"column":null}},"27":{"start":{"line":32,"column":29},"end":{"line":32,"column":46}},"28":{"start":{"line":33,"column":6},"end":{"line":33,"column":null}},"29":{"start":{"line":36,"column":4},"end":{"line":36,"column":null}},"30":{"start":{"line":37,"column":4},"end":{"line":37,"column":null}},"31":{"start":{"line":41,"column":13},"end":{"line":53,"column":null}},"32":{"start":{"line":46,"column":18},"end":{"line":49,"column":5}},"33":{"start":{"line":46,"column":38},"end":{"line":49,"column":5}},"34":{"start":{"line":51,"column":2},"end":{"line":53,"column":null}}},"fnMap":{"0":{"name":"(anonymous_0)","decl":{"start":{"line":1,"column":13},"end":{"line":1,"column":29}},"loc":{"start":{"line":1,"column":47},"end":{"line":2,"column":null}},"line":1},"1":{"name":"(anonymous_1)","decl":{"start":{"line":5,"column":24},"end":{"line":5,"column":31}},"loc":{"start":{"line":5,"column":69},"end":{"line":13,"column":null}},"line":5},"2":{"name":"(anonymous_2)","decl":{"start":{"line":18,"column":33},"end":{"line":18,"column":40}},"loc":{"start":{"line":18,"column":73},"end":{"line":37,"column":null}},"line":18},"3":{"name":"(anonymous_3)","decl":{"start":{"line":21,"column":15},"end":{"line":21,"column":32}},"loc":{"start":{"line":21,"column":32},"end":{"line":21,"column":50}},"line":21},"4":{"name":"(anonymous_4)","decl":{"start":{"line":29,"column":21},"end":{"line":29,"column":30}},"loc":{"start":{"line":29,"column":42},"end":{"line":34,"column":null}},"line":29},"5":{"name":"(anonymous_5)","decl":{"start":{"line":31,"column":13},"end":{"line":31,"column":31}},"loc":{"start":{"line":31,"column":31},"end":{"line":31,"column":75}},"line":31},"6":{"name":"(anonymous_6)","decl":{"start":{"line":32,"column":13},"end":{"line":32,"column":29}},"loc":{"start":{"line":32,"column":29},"end":{"line":32,"column":46}},"line":32},"7":{"name":"(anonymous_7)","decl":{"start":{"line":41,"column":13},"end":{"line":41,"column":null}},"loc":{"start":{"line":45,"column":5},"end":{"line":53,"column":null}},"line":45},"8":{"name":"(anonymous_8)","decl":{"start":{"line":46,"column":23},"end":{"line":46,"column":28}},"loc":{"start":{"line":46,"column":38},"end":{"line":49,"column":5}},"line":46}},"branchMap":{"0":{"loc":{"start":{"line":26,"column":4},"end":{"line":26,"column":null}},"type":"if","locations":[{"start":{"line":26,"column":4},"end":{"line":26,"column":null}},{"start":{},"end":{}}],"line":26},"1":{"loc":{"start":{"line":31,"column":39},"end":{"line":31,"column":75}},"type":"binary-expr","locations":[{"start":{"line":31,"column":39},"end":{"line":31,"column":66}},{"start":{"line":31,"column":66},"end":{"line":31,"column":75}}],"line":31},"2":{"loc":{"start":{"line":44,"column":2},"end":{"line":44,"column":null}},"type":"default-arg","locations":[{"start":{"line":44,"column":19},"end":{"line":44,"column":null}}],"line":44},"3":{"loc":{"start":{"line":51,"column":9},"end":{"line":53,"column":null}},"type":"cond-expr","locations":[{"start":{"line":52,"column":6},"end":{"line":52,"column":55}},{"start":{"line":53,"column":6},"end":{"line":53,"column":null}}],"line":51}},"s":{"0":1,"1":8,"2":1,"3":1,"4":1,"5":1,"6":1,"7":1,"8":1,"9":5,"10":1,"11":1,"12":1,"13":5,"14":5,"15":5,"16":0,"17":5,"18":4,"19":4,"20":1,"21":3,"22":3,"23":3,"24":3,"25":2,"26":3,"27":1,"28":3,"29":2,"30":2,"31":1,"32":4,"33":9,"34":4},"f":{"0":8,"1":1,"2":5,"3":0,"4":3,"5":2,"6":1,"7":4,"8":9},"b":{"0":[1,3],"1":[2,1],"2":[4],"3":[3,1]},"meta":{"lastBranch":4,"lastFunction":9,"lastStatement":35,"seen":{"s:1:13:2:Infinity":0,"f:1:13:1:29":0,"s:2:2:2:Infinity":1,"s:5:24:13:Infinity":2,"f:5:24:5:31":1,"s:6:19:6:40":3,"s:7:22:7:50":4,"s:8:21:8:48":5,"s:9:15:9:Infinity":6,"s:10:2:11:Infinity":7,"s:10:15:10:18":8,"s:11:4:11:Infinity":9,"s:13:2:13:Infinity":10,"s:16:17:16:Infinity":11,"s:18:33:37:Infinity":12,"f:18:33:18:40":2,"s:19:2:37:Infinity":13,"s:20:23:20:44":14,"s:21:15:21:57":15,"f:21:15:21:32":3,"s:21:32:21:50":16,"s:23:21:23:68":17,"s:24:4:24:Infinity":18,"b:26:4:26:Infinity:undefined:undefined:undefined:undefined":0,"s:26:4:26:Infinity":19,"s:26:22:26:Infinity":20,"s:28:17:28:38":21,"s:29:4:34:Infinity":22,"f:29:21:29:30":4,"s:30:21:30:37":23,"s:31:6:31:Infinity":24,"f:31:13:31:31":5,"s:31:31:31:75":25,"b:31:39:31:66:31:66:31:75":1,"s:32:6:32:Infinity":26,"f:32:13:32:29":6,"s:32:29:32:46":27,"s:33:6:33:Infinity":28,"s:36:4:36:Infinity":29,"s:37:4:37:Infinity":30,"s:41:13:53:Infinity":31,"f:41:13:41:Infinity":7,"b:44:19:44:Infinity":2,"s:46:18:49:5":32,"f:46:23:46:28":8,"s:46:38:49:5":33,"s:51:2:53:Infinity":34,"b:52:6:52:55:53:6:53:Infinity":3}}}
,"D:\\Projects\\new_lpr_center\\log_management\\log-management\\src\\utils\\coordinates.tsx": {"path":"D:\\Projects\\new_lpr_center\\log_management\\log-management\\src\\utils\\coordinates.tsx","statementMap":{"0":{"start":{"line":1,"column":13},"end":{"line":2,"column":null}},"1":{"start":{"line":2,"column":2},"end":{"line":2,"column":null}},"2":{"start":{"line":5,"column":13},"end":{"line":6,"column":null}},"3":{"start":{"line":6,"column":2},"end":{"line":6,"column":null}},"4":{"start":{"line":9,"column":13},"end":{"line":16,"column":null}},"5":{"start":{"line":10,"column":17},"end":{"line":10,"column":72}},"6":{"start":{"line":10,"column":47},"end":{"line":10,"column":71}},"7":{"start":{"line":12,"column":2},"end":{"line":13,"column":null}},"8":{"start":{"line":13,"column":4},"end":{"line":13,"column":null}},"9":{"start":{"line":16,"column":2},"end":{"line":16,"column":null}},"10":{"start":{"line":19,"column":13},"end":{"line":27,"column":null}},"11":{"start":{"line":20,"column":19},"end":{"line":20,"column":34}},"12":{"start":{"line":21,"column":20},"end":{"line":21,"column":35}},"13":{"start":{"line":23,"column":2},"end":{"line":24,"column":null}},"14":{"start":{"line":24,"column":4},"end":{"line":24,"column":null}},"15":{"start":{"line":27,"column":2},"end":{"line":27,"column":null}}},"fnMap":{"0":{"name":"(anonymous_0)","decl":{"start":{"line":1,"column":13},"end":{"line":1,"column":32}},"loc":{"start":{"line":1,"column":57},"end":{"line":2,"column":null}},"line":1},"1":{"name":"(anonymous_1)","decl":{"start":{"line":5,"column":13},"end":{"line":5,"column":33}},"loc":{"start":{"line":5,"column":58},"end":{"line":6,"column":null}},"line":5},"2":{"name":"(anonymous_2)","decl":{"start":{"line":9,"column":13},"end":{"line":9,"column":33}},"loc":{"start":{"line":9,"column":88},"end":{"line":16,"column":null}},"line":9},"3":{"name":"(anonymous_3)","decl":{"start":{"line":10,"column":34},"end":{"line":10,"column":38}},"loc":{"start":{"line":10,"column":47},"end":{"line":10,"column":71}},"line":10},"4":{"name":"(anonymous_4)","decl":{"start":{"line":19,"column":13},"end":{"line":19,"column":43}},"loc":{"start":{"line":19,"column":109},"end":{"line":27,"column":null}},"line":19}},"branchMap":{"0":{"loc":{"start":{"line":2,"column":9},"end":{"line":2,"column":null}},"type":"binary-expr","locations":[{"start":{"line":2,"column":9},"end":{"line":2,"column":20}},{"start":{"line":2,"column":24},"end":{"line":2,"column":38}},{"start":{"line":2,"column":38},"end":{"line":2,"column":null}}],"line":2},"1":{"loc":{"start":{"line":6,"column":9},"end":{"line":6,"column":null}},"type":"binary-expr","locations":[{"start":{"line":6,"column":9},"end":{"line":6,"column":20}},{"start":{"line":6,"column":24},"end":{"line":6,"column":39}},{"start":{"line":6,"column":39},"end":{"line":6,"column":null}}],"line":6},"2":{"loc":{"start":{"line":12,"column":2},"end":{"line":13,"column":null}},"type":"if","locations":[{"start":{"line":12,"column":2},"end":{"line":13,"column":null}},{"start":{},"end":{}}],"line":12},"3":{"loc":{"start":{"line":12,"column":6},"end":{"line":12,"column":86}},"type":"binary-expr","locations":[{"start":{"line":12,"column":6},"end":{"line":12,"column":29}},{"start":{"line":12,"column":29},"end":{"line":12,"column":55}},{"start":{"line":12,"column":59},"end":{"line":12,"column":86}}],"line":12},"4":{"loc":{"start":{"line":23,"column":2},"end":{"line":24,"column":null}},"type":"if","locations":[{"start":{"line":23,"column":2},"end":{"line":24,"column":null}},{"start":{},"end":{}}],"line":23},"5":{"loc":{"start":{"line":23,"column":6},"end":{"line":23,"column":62}},"type":"binary-expr","locations":[{"start":{"line":23,"column":6},"end":{"line":23,"column":31}},{"start":{"line":23,"column":35},"end":{"line":23,"column":62}}],"line":23}},"s":{"0":1,"1":18,"2":1,"3":15,"4":1,"5":6,"6":11,"7":6,"8":3,"9":3,"10":1,"11":5,"12":5,"13":5,"14":2,"15":3},"f":{"0":18,"1":15,"2":6,"3":11,"4":5},"b":{"0":[18,16,15],"1":[15,13,12],"2":[3,3],"3":[6,5,4],"4":[2,3],"5":[5,3]},"meta":{"lastBranch":6,"lastFunction":5,"lastStatement":16,"seen":{"s:1:13:2:Infinity":0,"f:1:13:1:32":0,"s:2:2:2:Infinity":1,"b:2:9:2:20:2:24:2:38:2:38:2:Infinity":0,"s:5:13:6:Infinity":2,"f:5:13:5:33":1,"s:6:2:6:Infinity":3,"b:6:9:6:20:6:24:6:39:6:39:6:Infinity":1,"s:9:13:16:Infinity":4,"f:9:13:9:33":2,"s:10:17:10:72":5,"f:10:34:10:38":3,"s:10:47:10:71":6,"b:12:2:13:Infinity:undefined:undefined:undefined:undefined":2,"s:12:2:13:Infinity":7,"b:12:6:12:29:12:29:12:55:12:59:12:86":3,"s:13:4:13:Infinity":8,"s:16:2:16:Infinity":9,"s:19:13:27:Infinity":10,"f:19:13:19:43":4,"s:20:19:20:34":11,"s:21:20:21:35":12,"b:23:2:24:Infinity:undefined:undefined:undefined:undefined":4,"s:23:2:24:Infinity":13,"b:23:6:23:31:23:35:23:62":5,"s:24:4:24:Infinity":14,"s:27:2:27:Infinity":15}}}
}
